[   93908ms] [ERROR] Error handled by React Router default ErrorBoundary: ReferenceError: renderSlurAndTieArcs is not defined
    at renderStaffSvgLine (http://localhost:5174/src/shared/ui/staff/staff-svg-renderer.tsx?t=1774861784509:562:2)
    at http://localhost:5174/src/shared/ui/notation/DualNotationRenderer.tsx?t=1774861784509:13:10
    at http://localhost:5174/src/shared/ui/jianpu/JianpuRenderer.tsx?t=1774861451602:218:75
    at Array.map (<anonymous>)
    at http://localhost:5174/src/shared/ui/jianpu/JianpuRenderer.tsx?t=1774861451602:187:24
    at JianpuRenderer (http://localhost:5174/src/shared/ui/jianpu/JianpuRenderer.tsx?t=1774861451602:291:6)
    at Object.react_stack_bottom_frame (http://localhost:5174/node_modules/.vite/deps/react-dom_client.js?v=55e665d3:12868:12)
    at renderWithHooks (http://localhost:5174/node_modules/.vite/deps/react-dom_client.js?v=55e665d3:4213:19)
    at updateFunctionComponent (http://localhost:5174/node_modules/.vite/deps/react-dom_client.js?v=55e665d3:5569:16)
    at beginWork (http://localhost:5174/node_modules/.vite/deps/react-dom_client.js?v=55e665d3:6140:20) @ http://localhost:5174/@vite/client:509
[   93909ms] [ERROR] Error handled by React Router default ErrorBoundary: ReferenceError: renderSlurAndTieArcs is not defined
    at renderStaffSvgLine (http://localhost:5174/src/shared/ui/staff/staff-svg-renderer.tsx?t=1774861784509:562:2)
    at http://localhost:5174/src/shared/ui/notation/DualNotationRenderer.tsx?t=1774861784509:13:10
    at http://localhost:5174/src/shared/ui/jianpu/JianpuRenderer.tsx?t=1774861451602:218:75
    at Array.map (<anonymous>)
    at http://localhost:5174/src/shared/ui/jianpu/JianpuRenderer.tsx?t=1774861451602:187:24
    at JianpuRenderer (http://localhost:5174/src/shared/ui/jianpu/JianpuRenderer.tsx?t=1774861451602:291:6)
    at Object.react_stack_bottom_frame (http://localhost:5174/node_modules/.vite/deps/react-dom_client.js?v=55e665d3:12868:12)
    at renderWithHooks (http://localhost:5174/node_modules/.vite/deps/react-dom_client.js?v=55e665d3:4213:19)
    at updateFunctionComponent (http://localhost:5174/node_modules/.vite/deps/react-dom_client.js?v=55e665d3:5569:16)
    at beginWork (http://localhost:5174/node_modules/.vite/deps/react-dom_client.js?v=55e665d3:6140:20) @ http://localhost:5174/@vite/client:509
[   93912ms] [ERROR] Error handled by React Router default ErrorBoundary: ReferenceError: renderSlurAndTieArcs is not defined
    at renderStaffSvgLine (http://localhost:5174/src/shared/ui/staff/staff-svg-renderer.tsx?t=1774861784509:562:2)
    at http://localhost:5174/src/shared/ui/notation/DualNotationRenderer.tsx?t=1774861784509:13:10
    at http://localhost:5174/src/shared/ui/jianpu/JianpuRenderer.tsx?t=1774861451602:218:75
    at Array.map (<anonymous>)
    at http://localhost:5174/src/shared/ui/jianpu/JianpuRenderer.tsx?t=1774861451602:187:24
    at JianpuRenderer (http://localhost:5174/src/shared/ui/jianpu/JianpuRenderer.tsx?t=1774861451602:291:6)
    at Object.react_stack_bottom_frame (http://localhost:5174/node_modules/.vite/deps/react-dom_client.js?v=55e665d3:12868:12)
    at renderWithHooks (http://localhost:5174/node_modules/.vite/deps/react-dom_client.js?v=55e665d3:4213:19)
    at updateFunctionComponent (http://localhost:5174/node_modules/.vite/deps/react-dom_client.js?v=55e665d3:5569:16)
    at beginWork (http://localhost:5174/node_modules/.vite/deps/react-dom_client.js?v=55e665d3:6140:20) @ http://localhost:5174/@vite/client:509
[   93913ms] [ERROR] Error handled by React Router default ErrorBoundary: ReferenceError: renderSlurAndTieArcs is not defined
    at renderStaffSvgLine (http://localhost:5174/src/shared/ui/staff/staff-svg-renderer.tsx?t=1774861784509:562:2)
    at http://localhost:5174/src/shared/ui/notation/DualNotationRenderer.tsx?t=1774861784509:13:10
    at http://localhost:5174/src/shared/ui/jianpu/JianpuRenderer.tsx?t=1774861451602:218:75
    at Array.map (<anonymous>)
    at http://localhost:5174/src/shared/ui/jianpu/JianpuRenderer.tsx?t=1774861451602:187:24
    at JianpuRenderer (http://localhost:5174/src/shared/ui/jianpu/JianpuRenderer.tsx?t=1774861451602:291:6)
    at Object.react_stack_bottom_frame (http://localhost:5174/node_modules/.vite/deps/react-dom_client.js?v=55e665d3:12868:12)
    at renderWithHooks (http://localhost:5174/node_modules/.vite/deps/react-dom_client.js?v=55e665d3:4213:19)
    at updateFunctionComponent (http://localhost:5174/node_modules/.vite/deps/react-dom_client.js?v=55e665d3:5569:16)
    at beginWork (http://localhost:5174/node_modules/.vite/deps/react-dom_client.js?v=55e665d3:6140:20) @ http://localhost:5174/@vite/client:509
[   93917ms] [ERROR] %o

%s

%s
 ReferenceError: renderSlurAndTieArcs is not defined
    at renderStaffSvgLine (http://localhost:5174/src/shared/ui/staff/staff-svg-renderer.tsx?t=1774861784509:562:2)
    at http://localhost:5174/src/shared/ui/notation/DualNotationRenderer.tsx?t=1774861784509:13:10
    at http://localhost:5174/src/shared/ui/jianpu/JianpuRenderer.tsx?t=1774861451602:218:75
    at Array.map (<anonymous>)
    at http://localhost:5174/src/shared/ui/jianpu/JianpuRenderer.tsx?t=1774861451602:187:24
    at JianpuRenderer (http://localhost:5174/src/shared/ui/jianpu/JianpuRenderer.tsx?t=1774861451602:291:6)
    at Object.react_stack_bottom_frame (http://localhost:5174/node_modules/.vite/deps/react-dom_client.js?v=55e665d3:12868:12)
    at renderWithHooks (http://localhost:5174/node_modules/.vite/deps/react-dom_client.js?v=55e665d3:4213:19)
    at updateFunctionComponent (http://localhost:5174/node_modules/.vite/deps/react-dom_client.js?v=55e665d3:5569:16)
    at beginWork (http://localhost:5174/node_modules/.vite/deps/react-dom_client.js?v=55e665d3:6140:20) The above error occurred in the <JianpuRenderer> component. React will try to recreate this component tree from scratch using the error boundary you provided, RenderErrorBoundary. @ http://localhost:5174/@vite/client:509
[   93917ms] [ERROR] React Router caught the following error during render ReferenceError: renderSlurAndTieArcs is not defined
    at renderStaffSvgLine (http://localhost:5174/src/shared/ui/staff/staff-svg-renderer.tsx?t=1774861784509:562:2)
    at http://localhost:5174/src/shared/ui/notation/DualNotationRenderer.tsx?t=1774861784509:13:10
    at http://localhost:5174/src/shared/ui/jianpu/JianpuRenderer.tsx?t=1774861451602:218:75
    at Array.map (<anonymous>)
    at http://localhost:5174/src/shared/ui/jianpu/JianpuRenderer.tsx?t=1774861451602:187:24
    at JianpuRenderer (http://localhost:5174/src/shared/ui/jianpu/JianpuRenderer.tsx?t=1774861451602:291:6)
    at Object.react_stack_bottom_frame (http://localhost:5174/node_modules/.vite/deps/react-dom_client.js?v=55e665d3:12868:12)
    at renderWithHooks (http://localhost:5174/node_modules/.vite/deps/react-dom_client.js?v=55e665d3:4213:19)
    at updateFunctionComponent (http://localhost:5174/node_modules/.vite/deps/react-dom_client.js?v=55e665d3:5569:16)
    at beginWork (http://localhost:5174/node_modules/.vite/deps/react-dom_client.js?v=55e665d3:6140:20) @ http://localhost:5174/@vite/client:509
